  Using        1 parallel tasks.
   |----------------------------------Input Geometry----------------------------------
   Number of atoms  528
 
    C          0.000000        16.535932         8.710129         0.866409
    C          0.000000        15.832911         9.947399         0.865054
    C          0.000000        15.809374         7.445554         0.864875
    C          0.000000        13.653854         8.718951         0.863996
    C          0.000000        14.379242         7.450451         0.863995
    C          0.000000        14.371354         9.957073         0.863663
    C          0.000000        17.950852         8.739105         0.841398
    C          0.000000        18.650140         9.927283         0.852483
    C          0.000000        17.957715        11.156924         0.856319
    C          0.000000        16.575762        11.151011         0.840293
    C          0.000000        13.658172        11.185928         0.832649
    C          0.000000        12.285773        11.144624         0.850490
    C          0.000000        11.585373         9.931993         0.850583
    C          0.000000        12.233961         8.724611         0.833260
    C          0.000000        13.668961         6.220560         0.833015
    C          0.000000        14.386237         5.051911         0.850592
    C          0.000000        15.786303         5.046947         0.851619
    C          0.000000        16.511669         6.211084         0.835766
    O          0.000000        16.245935         3.736834         0.900319
    O          0.000000        13.916966         3.744784         0.899109
    O          0.000000        11.381280        12.199136         0.899446
    O          0.000000        10.218945        10.180143         0.899187
    O          0.000000        20.033018        10.027253         0.886166
    O          0.000000        18.648837        12.344957         0.900429
    C          0.000000        15.816822        -9.965709         0.866491
    C          0.000000        16.536144        -8.737315         0.865129
    C          0.000000        14.357672        -9.969138         0.864950
    C          0.000000        14.382589        -7.464945         0.864043
    C          0.000000        13.646975        -8.727869         0.864060
    C          0.000000        15.813707        -7.466412         0.863715
    C          0.000000        16.551070       -11.176220         0.841458
    C          0.000000        17.930270       -11.186422         0.852561
    C          0.000000        18.647271        -9.971232         0.856375
    C          0.000000        17.950084        -8.777938         0.840327
    C          0.000000        16.521071        -6.233889         0.832698
    C          0.000000        15.799227        -5.065731         0.850532
    C          0.000000        14.398713        -5.066861         0.850599
    C          0.000000        13.677407        -6.232624         0.833292
    C          0.000000        12.226433        -8.726970         0.833083
    C          0.000000        11.571585        -9.931601         0.850677
    C          0.000000        12.266869       -11.147041         0.851691
    C          0.000000        13.638235       -11.194149         0.835835
    O          0.000000        11.361063       -12.199171         0.900367
    O          0.000000        10.204222       -10.177268         0.899284
    O          0.000000        16.259874        -3.754347         0.899513
    O          0.000000        13.929732        -3.760079         0.899093
    O          0.000000        18.712223       -12.332804         0.886167
    O          0.000000        20.021513        -9.975671         0.900498
    C          0.000000        -0.724549       -18.679397         0.866433
    C          0.000000         0.698424       -18.689239         0.865069
    C          0.000000        -1.455894       -17.417413         0.864902
    C          0.000000         0.724737       -16.187309         0.864009
    C          0.000000        -0.736675       -16.181212         0.864018
    C          0.000000         1.437560       -17.428240         0.863673
    C          0.000000        -1.407019       -19.919505         0.841426
    C          0.000000        -0.727822       -21.119516         0.852517
    C          0.000000         0.683115       -21.134241         0.856312
    C          0.000000         1.369248       -19.934524         0.840303
    C          0.000000         2.858172       -17.426036         0.832687
    C          0.000000         3.509976       -16.217611         0.850542
    C          0.000000         2.810769       -15.004245         0.850599
    C          0.000000         1.440432       -14.960936         0.833265
    C          0.000000        -1.447074       -14.951288         0.833046
    C          0.000000        -2.817961       -14.988421         0.850626
    C          0.000000        -3.522275       -16.198532         0.851653
    C          0.000000        -2.876251       -17.408378         0.835810
    O          0.000000        -4.886885       -15.942460         0.900356
    O          0.000000        -3.715496       -13.929100         0.899169
    O          0.000000         4.876256       -15.963474         0.899564
    O          0.000000         3.710330       -13.946401         0.899175
    O          0.000000        -1.332452       -22.368078         0.886228
    O          0.000000         1.365669       -22.326611         0.900374
    C          0.000000       -16.535932        -8.710129         0.866409
    C          0.000000       -15.832911        -9.947399         0.865054
    C          0.000000       -15.809374        -7.445554         0.864875
    C          0.000000       -13.653854        -8.718951         0.863996
    C          0.000000       -14.379242        -7.450451         0.863995
    C          0.000000       -14.371354        -9.957073         0.863663
    C          0.000000       -17.950851        -8.739105         0.841398
    C          0.000000       -18.650140        -9.927283         0.852483
    C          0.000000       -17.957715       -11.156923         0.856319
    C          0.000000       -16.575762       -11.151011         0.840293
    C          0.000000       -13.658172       -11.185928         0.832649
    C          0.000000       -12.285773       -11.144624         0.850490
    C          0.000000       -11.585373        -9.931993         0.850583
    C          0.000000       -12.233961        -8.724611         0.833260
    C          0.000000       -13.668960        -6.220560         0.833015
    C          0.000000       -14.386237        -5.051911         0.850592
    C          0.000000       -15.786303        -5.046947         0.851619
    C          0.000000       -16.511669        -6.211084         0.835766
    O          0.000000       -16.245935        -3.736834         0.900319
    O          0.000000       -13.916966        -3.744784         0.899109
    O          0.000000       -11.381280       -12.199136         0.899446
    O          0.000000       -10.218944       -10.180143         0.899187
    O          0.000000       -20.033018       -10.027253         0.886166
    O          0.000000       -18.648837       -12.344956         0.900429
    C          0.000000       -15.816822         9.965709         0.866491
    C          0.000000       -16.536144         8.737315         0.865129
    C          0.000000       -14.357672         9.969138         0.864950
    C          0.000000       -14.382589         7.464945         0.864043
    C          0.000000       -13.646975         8.727869         0.864060
    C          0.000000       -15.813707         7.466412         0.863715
    C          0.000000       -16.551070        11.176220         0.841458
    C          0.000000       -17.930270        11.186422         0.852561
    C          0.000000       -18.647271         9.971232         0.856375
    C          0.000000       -17.950084         8.777938         0.840327
    C          0.000000       -16.521071         6.233889         0.832698
    C          0.000000       -15.799227         5.065731         0.850532
    C          0.000000       -14.398713         5.066861         0.850599
    C          0.000000       -13.677407         6.232624         0.833292
    C          0.000000       -12.226433         8.726970         0.833083
    C          0.000000       -11.571585         9.931601         0.850677
    C          0.000000       -12.266869        11.147041         0.851691
    C          0.000000       -13.638235        11.194149         0.835835
    O          0.000000       -11.361063        12.199171         0.900367
    O          0.000000       -10.204222        10.177268         0.899284
    O          0.000000       -16.259874         3.754347         0.899513
    O          0.000000       -13.929732         3.760079         0.899093
    O          0.000000       -18.712223        12.332804         0.886167
    O          0.000000       -20.021513         9.975671         0.900498
    C          0.000000         0.724549        18.679397         0.866433
    C          0.000000        -0.698424        18.689239         0.865069
    C          0.000000         1.455894        17.417413         0.864902
    C          0.000000        -0.724737        16.187309         0.864009
    C          0.000000         0.736675        16.181212         0.864018
    C          0.000000        -1.437561        17.428240         0.863673
    C          0.000000         1.407019        19.919505         0.841426
    C          0.000000         0.727822        21.119516         0.852517
    C          0.000000        -0.683115        21.134241         0.856312
    C          0.000000        -1.369248        19.934524         0.840303
    C          0.000000        -2.858172        17.426036         0.832687
    C          0.000000        -3.509976        16.217611         0.850542
    C          0.000000        -2.810770        15.004245         0.850599
    C          0.000000        -1.440432        14.960936         0.833265
    C          0.000000         1.447074        14.951288         0.833046
    C          0.000000         2.817961        14.988421         0.850626
    C          0.000000         3.522275        16.198532         0.851653
    C          0.000000         2.876251        17.408378         0.835810
    O          0.000000         4.886885        15.942460         0.900356
    O          0.000000         3.715496        13.929100         0.899169
    O          0.000000        -4.876256        15.963474         0.899564
    O          0.000000        -3.710330        13.946401         0.899175
    O          0.000000         1.332452        22.368078         0.886228
    O          0.000000        -1.365669        22.326611         0.900374
    B          0.000000         4.989754        14.534123         0.797816
    C          0.000000         6.321332        13.763918         0.855818
    C          0.000000         6.340830        12.354574         0.825691
    C          0.000000         7.549316        14.455884         0.826692
    C          0.000000         7.547080        11.661297         0.825726
    C          0.000000         8.755325        13.762644         0.826214
    C          0.000000         8.775096        12.353376         0.855524
    B          0.000000        10.109793        11.586682         0.797362
    B          0.000000        15.077526         2.944347         0.797798
    C          0.000000        15.075536         1.406368         0.855794
    C          0.000000        13.865184         0.684064         0.825645
    C          0.000000        16.289509         0.690622         0.826670
    C          0.000000        13.869140        -0.707193         0.825678
    C          0.000000        16.293567        -0.700111         0.826194
    C          0.000000        15.083810        -1.422718         0.855511
    B          0.000000        15.091883        -2.961067         0.797383
    B          0.000000        10.090318       -11.583478         0.797849
    C          0.000000         8.758286       -12.353868         0.855836
    C          0.000000         7.526090       -11.669526         0.825669
    C          0.000000         8.746507       -13.763458         0.826778
    C          0.000000         6.324314       -12.370760         0.825808
    C          0.000000         7.544971       -14.464556         0.826193
    C          0.000000         6.312768       -13.780509         0.855540
    B          0.000000         4.982610       -14.555741         0.797384
    B          0.000000        -4.989754       -14.534123         0.797816
    C          0.000000        -6.321332       -13.763918         0.855818
    C          0.000000        -6.340829       -12.354574         0.825691
    C          0.000000        -7.549315       -14.455884         0.826692
    C          0.000000        -7.547080       -11.661297         0.825726
    C          0.000000        -8.755325       -13.762644         0.826214
    C          0.000000        -8.775096       -12.353376         0.855524
    B          0.000000       -10.109793       -11.586682         0.797362
    B          0.000000       -15.077526        -2.944347         0.797798
    C          0.000000       -15.075536        -1.406368         0.855794
    C          0.000000       -13.865184        -0.684064         0.825645
    C          0.000000       -16.289508        -0.690622         0.826670
    C          0.000000       -13.869140         0.707193         0.825678
    C          0.000000       -16.293567         0.700111         0.826194
    C          0.000000       -15.083810         1.422718         0.855511
    B          0.000000       -15.091883         2.961067         0.797383
    B          0.000000       -10.090318        11.583478         0.797849
    C          0.000000        -8.758287        12.353868         0.855836
    C          0.000000        -7.526090        11.669526         0.825669
    C          0.000000        -8.746507        13.763458         0.826778
    C          0.000000        -6.324314        12.370760         0.825808
    C          0.000000        -7.544971        14.464556         0.826193
    C          0.000000        -6.312769        13.780509         0.855540
    B          0.000000        -4.982610        14.555741         0.797384
    H          0.000000        18.523173         7.811373         0.679346
    H          0.000000        16.083678        12.120982         0.685446
    H          0.000000        14.166852        12.146255         0.668716
    H          0.000000        11.650626         7.808314         0.670152
    H          0.000000        12.583546         6.178004         0.669504
    H          0.000000        17.597218         6.162060         0.676908
    H          0.000000        20.420820         9.134282         0.606009
    H          0.000000        19.601739        12.126003         0.688080
    H          0.000000        16.034085       -12.135985         0.679263
    H          0.000000        18.543148        -7.866204         0.685490
    H          0.000000        17.607084        -6.194225         0.668751
    H          0.000000        12.592225        -6.185258         0.670178
    H          0.000000        11.647774        -7.807697         0.669666
    H          0.000000        14.137932       -12.159185         0.676821
    H          0.000000        18.134394       -13.116324         0.605970
    H          0.000000        20.307991       -10.910453         0.688556
    H          0.000000        -2.496642       -19.950946         0.679361
    H          0.000000         2.455290       -19.993602         0.685448
    H          0.000000         3.434734       -18.347197         0.668854
    H          0.000000         0.939246       -13.997214         0.670035
    H          0.000000        -0.941364       -13.989900         0.669480
    H          0.000000        -3.461221       -18.324149         0.677015
    H          0.000000        -2.299643       -22.257212         0.606078
    H          0.000000         0.699439       -23.042123         0.688209
    H          0.000000       -18.523173        -7.811372         0.679346
    H          0.000000       -16.083678       -12.120982         0.685446
    H          0.000000       -14.166852       -12.146255         0.668716
    H          0.000000       -11.650626        -7.808314         0.670152
    H          0.000000       -12.583546        -6.178004         0.669504
    H          0.000000       -17.597218        -6.162060         0.676908
    H          0.000000       -20.420820        -9.134281         0.606009
    H          0.000000       -19.601739       -12.126003         0.688080
    H          0.000000       -16.034085        12.135984         0.679263
    H          0.000000       -18.543148         7.866204         0.685490
    H          0.000000       -17.607084         6.194225         0.668751
    H          0.000000       -12.592225         6.185258         0.670178
    H          0.000000       -11.647774         7.807697         0.669666
    H          0.000000       -14.137932        12.159185         0.676821
    H          0.000000       -18.134394        13.116324         0.605970
    H          0.000000       -20.307991        10.910453         0.688556
    H          0.000000         2.496642        19.950946         0.679361
    H          0.000000        -2.455290        19.993602         0.685448
    H          0.000000        -3.434734        18.347197         0.668853
    H          0.000000        -0.939246        13.997214         0.670035
    H          0.000000         0.941364        13.989900         0.669480
    H          0.000000         3.461221        18.324149         0.677015
    H          0.000000         2.299643        22.257211         0.606078
    H          0.000000        -0.699439        23.042123         0.688209
    H          0.000000         5.397822        11.805909         0.656337
    H          0.000000         7.548747        15.546882         0.659627
    H          0.000000         7.547565        10.570314         0.656777
    H          0.000000         9.698550        14.310924         0.657827
    H          0.000000        12.918237         1.225889         0.656215
    H          0.000000        17.233293         1.237908         0.659782
    H          0.000000        12.925309        -1.254351         0.656651
    H          0.000000        17.240437        -1.242066         0.657962
    H          0.000000         7.519311       -10.578526         0.656095
    H          0.000000         9.692900       -14.306258         0.659907
    H          0.000000         5.378000       -11.827877         0.657013
    H          0.000000         7.551317       -15.555555         0.657597
    H          0.000000        -5.397822       -11.805909         0.656337
    H          0.000000        -7.548746       -15.546881         0.659627
    H          0.000000        -7.547564       -10.570314         0.656777
    H          0.000000        -9.698550       -14.310924         0.657827
    H          0.000000       -12.918237        -1.225889         0.656215
    H          0.000000       -17.233293        -1.237908         0.659782
    H          0.000000       -12.925309         1.254351         0.656651
    H          0.000000       -17.240437         1.242066         0.657962
    H          0.000000        -7.519311        10.578526         0.656095
    H          0.000000        -9.692900        14.306259         0.659907
    H          0.000000        -5.378000        11.827877         0.657013
    H          0.000000        -7.551317        15.555555         0.657597
    C          3.100000        16.535932         8.710129         0.866411
    C          3.100000        15.832911         9.947399         0.865053
    C          3.100000        15.809374         7.445554         0.864872
    C          3.100000        13.653854         8.718951         0.863998
    C          3.100000        14.379242         7.450451         0.863993
    C          3.100000        14.371354         9.957073         0.863662
    C          3.100000        17.950852         8.739105         0.841398
    C          3.100000        18.650140         9.927283         0.852481
    C          3.100000        17.957715        11.156924         0.856313
    C          3.100000        16.575762        11.151011         0.840290
    C          3.100000        13.658172        11.185928         0.832652
    C          3.100000        12.285773        11.144624         0.850489
    C          3.100000        11.585373         9.931993         0.850585
    C          3.100000        12.233961         8.724611         0.833260
    C          3.100000        13.668961         6.220560         0.833013
    C          3.100000        14.386237         5.051911         0.850591
    C          3.100000        15.786303         5.046947         0.851618
    C          3.100000        16.511669         6.211084         0.835765
    O          3.100000        16.245935         3.736834         0.900309
    O          3.100000        13.916966         3.744784         0.899110
    O          3.100000        11.381280        12.199136         0.899443
    O          3.100000        10.218945        10.180143         0.899184
    O          3.100000        20.033018        10.027253         0.886160
    O          3.100000        18.648837        12.344957         0.900425
    C          3.100000        15.816822        -9.965709         0.866490
    C          3.100000        16.536144        -8.737315         0.865127
    C          3.100000        14.357672        -9.969138         0.864947
    C          3.100000        14.382589        -7.464945         0.864041
    C          3.100000        13.646975        -8.727869         0.864058
    C          3.100000        15.813707        -7.466412         0.863713
    C          3.100000        16.551070       -11.176220         0.841458
    C          3.100000        17.930270       -11.186422         0.852555
    C          3.100000        18.647271        -9.971232         0.856368
    C          3.100000        17.950084        -8.777938         0.840325
    C          3.100000        16.521071        -6.233889         0.832699
    C          3.100000        15.799227        -5.065731         0.850530
    C          3.100000        14.398713        -5.066861         0.850597
    C          3.100000        13.677407        -6.232624         0.833292
    C          3.100000        12.226433        -8.726970         0.833082
    C          3.100000        11.571585        -9.931601         0.850679
    C          3.100000        12.266869       -11.147041         0.851693
    C          3.100000        13.638235       -11.194149         0.835835
    O          3.100000        11.361063       -12.199171         0.900362
    O          3.100000        10.204222       -10.177268         0.899284
    O          3.100000        16.259874        -3.754347         0.899512
    O          3.100000        13.929732        -3.760079         0.899100
    O          3.100000        18.712223       -12.332804         0.886161
    O          3.100000        20.021513        -9.975671         0.900498
    C          3.100000        -0.724549       -18.679397         0.866434
    C          3.100000         0.698424       -18.689239         0.865068
    C          3.100000        -1.455894       -17.417413         0.864900
    C          3.100000         0.724737       -16.187309         0.864006
    C          3.100000        -0.736675       -16.181212         0.864013
    C          3.100000         1.437560       -17.428240         0.863669
    C          3.100000        -1.407019       -19.919505         0.841428
    C          3.100000        -0.727822       -21.119516         0.852516
    C          3.100000         0.683115       -21.134241         0.856312
    C          3.100000         1.369248       -19.934524         0.840300
    C          3.100000         2.858172       -17.426036         0.832685
    C          3.100000         3.509976       -16.217611         0.850544
    C          3.100000         2.810769       -15.004245         0.850600
    C          3.100000         1.440432       -14.960936         0.833262
    C          3.100000        -1.447074       -14.951288         0.833043
    C          3.100000        -2.817961       -14.988421         0.850625
    C          3.100000        -3.522275       -16.198532         0.851650
    C          3.100000        -2.876251       -17.408378         0.835807
    O          3.100000        -4.886885       -15.942460         0.900354
    O          3.100000        -3.715496       -13.929100         0.899167
    O          3.100000         4.876256       -15.963474         0.899558
    O          3.100000         3.710330       -13.946401         0.899169
    O          3.100000        -1.332452       -22.368078         0.886217
    O          3.100000         1.365669       -22.326611         0.900372
    C          3.100000       -16.535932        -8.710129         0.866411
    C          3.100000       -15.832911        -9.947399         0.865053
    C          3.100000       -15.809374        -7.445554         0.864872
    C          3.100000       -13.653854        -8.718951         0.863998
    C          3.100000       -14.379242        -7.450451         0.863993
    C          3.100000       -14.371354        -9.957073         0.863662
    C          3.100000       -17.950851        -8.739105         0.841398
    C          3.100000       -18.650140        -9.927283         0.852481
    C          3.100000       -17.957715       -11.156923         0.856313
    C          3.100000       -16.575762       -11.151011         0.840290
    C          3.100000       -13.658172       -11.185928         0.832652
    C          3.100000       -12.285773       -11.144624         0.850489
    C          3.100000       -11.585373        -9.931993         0.850585
    C          3.100000       -12.233961        -8.724611         0.833260
    C          3.100000       -13.668960        -6.220560         0.833013
    C          3.100000       -14.386237        -5.051911         0.850591
    C          3.100000       -15.786303        -5.046947         0.851618
    C          3.100000       -16.511669        -6.211084         0.835765
    O          3.100000       -16.245935        -3.736834         0.900309
    O          3.100000       -13.916966        -3.744784         0.899110
    O          3.100000       -11.381280       -12.199136         0.899443
    O          3.100000       -10.218944       -10.180143         0.899184
    O          3.100000       -20.033018       -10.027253         0.886160
    O          3.100000       -18.648837       -12.344956         0.900425
    C          3.100000       -15.816822         9.965709         0.866490
    C          3.100000       -16.536144         8.737315         0.865127
    C          3.100000       -14.357672         9.969138         0.864947
    C          3.100000       -14.382589         7.464945         0.864041
    C          3.100000       -13.646975         8.727869         0.864058
    C          3.100000       -15.813707         7.466412         0.863713
    C          3.100000       -16.551070        11.176220         0.841458
    C          3.100000       -17.930270        11.186422         0.852555
    C          3.100000       -18.647271         9.971232         0.856368
    C          3.100000       -17.950084         8.777938         0.840325
    C          3.100000       -16.521071         6.233889         0.832699
    C          3.100000       -15.799227         5.065731         0.850530
    C          3.100000       -14.398713         5.066861         0.850597
    C          3.100000       -13.677407         6.232624         0.833292
    C          3.100000       -12.226433         8.726970         0.833082
    C          3.100000       -11.571585         9.931601         0.850679
    C          3.100000       -12.266869        11.147041         0.851693
    C          3.100000       -13.638235        11.194149         0.835835
    O          3.100000       -11.361063        12.199171         0.900362
    O          3.100000       -10.204222        10.177268         0.899284
    O          3.100000       -16.259874         3.754347         0.899512
    O          3.100000       -13.929732         3.760079         0.899100
    O          3.100000       -18.712223        12.332804         0.886161
    O          3.100000       -20.021513         9.975671         0.900498
    C          3.100000         0.724549        18.679397         0.866434
    C          3.100000        -0.698424        18.689239         0.865068
    C          3.100000         1.455894        17.417413         0.864900
    C          3.100000        -0.724737        16.187309         0.864006
    C          3.100000         0.736675        16.181212         0.864013
    C          3.100000        -1.437561        17.428240         0.863669
    C          3.100000         1.407019        19.919505         0.841428
    C          3.100000         0.727822        21.119516         0.852516
    C          3.100000        -0.683115        21.134241         0.856312
    C          3.100000        -1.369248        19.934524         0.840300
    C          3.100000        -2.858172        17.426036         0.832685
    C          3.100000        -3.509976        16.217611         0.850544
    C          3.100000        -2.810770        15.004245         0.850600
    C          3.100000        -1.440432        14.960936         0.833262
    C          3.100000         1.447074        14.951288         0.833043
    C          3.100000         2.817961        14.988421         0.850625
    C          3.100000         3.522275        16.198532         0.851650
    C          3.100000         2.876251        17.408378         0.835807
    O          3.100000         4.886885        15.942460         0.900354
    O          3.100000         3.715496        13.929100         0.899167
    O          3.100000        -4.876256        15.963474         0.899558
    O          3.100000        -3.710330        13.946401         0.899169
    O          3.100000         1.332452        22.368078         0.886217
    O          3.100000        -1.365669        22.326611         0.900372
    B          3.100000         4.989754        14.534123         0.797816
    C          3.100000         6.321332        13.763918         0.855815
    C          3.100000         6.340830        12.354574         0.825690
    C          3.100000         7.549316        14.455884         0.826688
    C          3.100000         7.547080        11.661297         0.825725
    C          3.100000         8.755325        13.762644         0.826214
    C          3.100000         8.775096        12.353376         0.855523
    B          3.100000        10.109793        11.586682         0.797358
    B          3.100000        15.077526         2.944347         0.797792
    C          3.100000        15.075536         1.406368         0.855790
    C          3.100000        13.865184         0.684064         0.825641
    C          3.100000        16.289509         0.690622         0.826667
    C          3.100000        13.869140        -0.707193         0.825671
    C          3.100000        16.293567        -0.700111         0.826190
    C          3.100000        15.083810        -1.422718         0.855508
    B          3.100000        15.091883        -2.961067         0.797380
    B          3.100000        10.090318       -11.583478         0.797844
    C          3.100000         8.758286       -12.353868         0.855833
    C          3.100000         7.526090       -11.669526         0.825671
    C          3.100000         8.746507       -13.763458         0.826779
    C          3.100000         6.324314       -12.370760         0.825807
    C          3.100000         7.544971       -14.464556         0.826191
    C          3.100000         6.312768       -13.780509         0.855539
    B          3.100000         4.982610       -14.555741         0.797380
    B          3.100000        -4.989754       -14.534123         0.797816
    C          3.100000        -6.321332       -13.763918         0.855815
    C          3.100000        -6.340829       -12.354574         0.825690
    C          3.100000        -7.549315       -14.455884         0.826688
    C          3.100000        -7.547080       -11.661297         0.825725
    C          3.100000        -8.755325       -13.762644         0.826214
    C          3.100000        -8.775096       -12.353376         0.855523
    B          3.100000       -10.109793       -11.586682         0.797358
    B          3.100000       -15.077526        -2.944347         0.797792
    C          3.100000       -15.075536        -1.406368         0.855790
    C          3.100000       -13.865184        -0.684064         0.825641
    C          3.100000       -16.289508        -0.690622         0.826667
    C          3.100000       -13.869140         0.707193         0.825671
    C          3.100000       -16.293567         0.700111         0.826190
    C          3.100000       -15.083810         1.422718         0.855508
    B          3.100000       -15.091883         2.961067         0.797380
    B          3.100000       -10.090318        11.583478         0.797844
    C          3.100000        -8.758287        12.353868         0.855833
    C          3.100000        -7.526090        11.669526         0.825671
    C          3.100000        -8.746507        13.763458         0.826779
    C          3.100000        -6.324314        12.370760         0.825807
    C          3.100000        -7.544971        14.464556         0.826191
    C          3.100000        -6.312769        13.780509         0.855539
    B          3.100000        -4.982610        14.555741         0.797380
    H          3.100000        18.523173         7.811373         0.679351
    H          3.100000        16.083678        12.120982         0.685448
    H          3.100000        14.166852        12.146255         0.668721
    H          3.100000        11.650626         7.808314         0.670156
    H          3.100000        12.583546         6.178004         0.669508
    H          3.100000        17.597218         6.162060         0.676914
    H          3.100000        20.420820         9.134282         0.606003
    H          3.100000        19.601739        12.126003         0.688058
    H          3.100000        16.034085       -12.135985         0.679271
    H          3.100000        18.543148        -7.866204         0.685499
    H          3.100000        17.607084        -6.194225         0.668756
    H          3.100000        12.592225        -6.185258         0.670181
    H          3.100000        11.647774        -7.807697         0.669669
    H          3.100000        14.137932       -12.159185         0.676826
    H          3.100000        18.134394       -13.116324         0.605967
    H          3.100000        20.307991       -10.910453         0.688552
    H          3.100000        -2.496642       -19.950946         0.679369
    H          3.100000         2.455290       -19.993602         0.685455
    H          3.100000         3.434734       -18.347197         0.668860
    H          3.100000         0.939246       -13.997214         0.670042
    H          3.100000        -0.941364       -13.989900         0.669490
    H          3.100000        -3.461221       -18.324149         0.677017
    H          3.100000        -2.299643       -22.257212         0.606073
    H          3.100000         0.699439       -23.042123         0.688205
    H          3.100000       -18.523173        -7.811372         0.679351
    H          3.100000       -16.083678       -12.120982         0.685448
    H          3.100000       -14.166852       -12.146255         0.668721
    H          3.100000       -11.650626        -7.808314         0.670156
    H          3.100000       -12.583546        -6.178004         0.669508
    H          3.100000       -17.597218        -6.162060         0.676914
    H          3.100000       -20.420820        -9.134281         0.606003
    H          3.100000       -19.601739       -12.126003         0.688058
    H          3.100000       -16.034085        12.135984         0.679271
    H          3.100000       -18.543148         7.866204         0.685499
    H          3.100000       -17.607084         6.194225         0.668756
    H          3.100000       -12.592225         6.185258         0.670181
    H          3.100000       -11.647774         7.807697         0.669669
    H          3.100000       -14.137932        12.159185         0.676826
    H          3.100000       -18.134394        13.116324         0.605967
    H          3.100000       -20.307991        10.910453         0.688552
    H          3.100000         2.496642        19.950946         0.679369
    H          3.100000        -2.455290        19.993602         0.685454
    H          3.100000        -3.434734        18.347197         0.668860
    H          3.100000        -0.939246        13.997214         0.670042
    H          3.100000         0.941364        13.989900         0.669490
    H          3.100000         3.461221        18.324149         0.677017
    H          3.100000         2.299643        22.257211         0.606073
    H          3.100000        -0.699439        23.042123         0.688205
    H          3.100000         5.397822        11.805909         0.656338
    H          3.100000         7.548747        15.546882         0.659629
    H          3.100000         7.547565        10.570314         0.656782
    H          3.100000         9.698550        14.310924         0.657828
    H          3.100000        12.918237         1.225889         0.656219
    H          3.100000        17.233293         1.237908         0.659785
    H          3.100000        12.925309        -1.254351         0.656658
    H          3.100000        17.240437        -1.242066         0.657962
    H          3.100000         7.519311       -10.578526         0.656098
    H          3.100000         9.692900       -14.306258         0.659908
    H          3.100000         5.378000       -11.827877         0.657017
    H          3.100000         7.551317       -15.555555         0.657598
    H          3.100000        -5.397822       -11.805909         0.656338
    H          3.100000        -7.548746       -15.546881         0.659628
    H          3.100000        -7.547564       -10.570314         0.656782
    H          3.100000        -9.698550       -14.310924         0.657828
    H          3.100000       -12.918237        -1.225889         0.656219
    H          3.100000       -17.233293        -1.237908         0.659785
    H          3.100000       -12.925309         1.254351         0.656658
    H          3.100000       -17.240437         1.242066         0.657962
    H          3.100000        -7.519311        10.578526         0.656098
    H          3.100000        -9.692900        14.306259         0.659908
    H          3.100000        -5.378000        11.827877         0.657017
    H          3.100000        -7.551317        15.555555         0.657598
   |----------------------------------------------------------------------------------
   |--------------------------------MBD@rSCS Settings---------------------------
    Exchange-Correlation functional:   1  (PBE)
    xc type not specified in setting file, using default for 
    Exchange-Correlation functional:   1  (PBE)
   | Many-Body Dispersion (MBD@rsSCS) energy
   | System dynamic molecular polarizability alpha(iw) (bohr^3)
   | ---------------------------------------------------------------------------
   |  omega(Ha)   alpha_iso      alpha_xx       alpha_yy       alpha_zz
   |   0.000000   0.367778E+04   0.188872E+04   0.457206E+04   0.457256E+04
   |   0.039290   0.365647E+04   0.187675E+04   0.454608E+04   0.454658E+04
   |   0.118358   0.349364E+04   0.178916E+04   0.434564E+04   0.434611E+04
   |   0.198912   0.320195E+04   0.164578E+04   0.397983E+04   0.398024E+04
   |   0.282029   0.282950E+04   0.147911E+04   0.350453E+04   0.350485E+04
   |   0.368919   0.242267E+04   0.130879E+04   0.297949E+04   0.297973E+04
   |   0.461006   0.201842E+04   0.114443E+04   0.245534E+04   0.245550E+04
   |   0.560027   0.164250E+04   0.990012E+03   0.196869E+04   0.196881E+04
   |   0.668179   0.131056E+04   0.846779E+03   0.154241E+04   0.154248E+04
   |   0.788336   0.102918E+04   0.714843E+03   0.118632E+04   0.118637E+04
   |   0.924390   0.797599E+03   0.594071E+03   0.899345E+03   0.899380E+03
   |   1.081790   0.610446E+03   0.484433E+03   0.673442E+03   0.673463E+03
   |   1.268490   0.460513E+03   0.386015E+03   0.497755E+03   0.497768E+03
   |   1.496610   0.340769E+03   0.298946E+03   0.361676E+03   0.361683E+03
   |   1.785630   0.245322E+03   0.223292E+03   0.256336E+03   0.256340E+03
   |   2.169170   0.169643E+03   0.158992E+03   0.174968E+03   0.174970E+03
   |   2.710620   0.110440E+03   0.105891E+03   0.112715E+03   0.112716E+03
   |   3.545730   0.653798E+02   0.637767E+02   0.661812E+02   0.661815E+02
   |   5.027340   0.328320E+02   0.324262E+02   0.330348E+02   0.330349E+02
   |   8.448960   0.116971E+02   0.116454E+02   0.117229E+02   0.117229E+02
   |  25.451700   0.129299E+01   0.129236E+01   0.129330E+01   0.129330E+01
   | ---------------------------------------------------------------------------
   | System C6 coefficient    :      5096641.27977020    hartree bohr^6
   | ---------------------------------------------------------------------------
   | Partitioned C6 (hartree bohr^6) | alpha (bohr^3)  of atom in system
   | ---------------------------------------------------------------------------
   | ATOM    1  C    30.890820          8.817536
   | ATOM    2  C    30.242629          8.672111
   | ATOM    3  C    30.582571          8.811499
   | ATOM    4  C    29.964105          8.679401
   | ATOM    5  C    29.829281          8.636289
   | ATOM    6  C    30.562506          8.826841
   | ATOM    7  C    28.739633          8.516253
   | ATOM    8  C    34.576787          9.873421
   | ATOM    9  C    36.451063         10.220830
   | ATOM   10  C    28.947181          8.537656
   | ATOM   11  C    32.687099          9.411032
   | ATOM   12  C    32.160290          9.336482
   | ATOM   13  C    32.229876          9.353331
   | ATOM   14  C    32.375604          9.325895
   | ATOM   15  C    32.317425          9.310481
   | ATOM   16  C    32.277533          9.369368
   | ATOM   17  C    32.267542          9.357685
   | ATOM   18  C    32.935612          9.449492
   | ATOM   19  O    10.557219          3.506033
   | ATOM   20  O    10.578250          3.525158
   | ATOM   21  O    10.571946          3.518754
   | ATOM   22  O    10.559979          3.518646
   | ATOM   23  O    11.966198          4.346651
   | ATOM   24  O    12.622054          4.507027
   | ATOM   25  C    30.920393          8.824506
   | ATOM   26  C    30.240040          8.671615
   | ATOM   27  C    30.613899          8.818292
   | ATOM   28  C    29.967384          8.679760
   | ATOM   29  C    29.833060          8.636904
   | ATOM   30  C    30.570569          8.828432
   | ATOM   31  C    28.778227          8.524646
   | ATOM   32  C    34.565856          9.871776
   | ATOM   33  C    36.434347         10.216999
   | ATOM   34  C    28.954239          8.538632
   | ATOM   35  C    32.693091          9.412267
   | ATOM   36  C    32.168760          9.338242
   | ATOM   37  C    32.231175          9.353304
   | ATOM   38  C    32.381152          9.326975
   | ATOM   39  C    32.302542          9.306875
   | ATOM   40  C    32.291663          9.372276
   | ATOM   41  C    32.268206          9.357398
   | ATOM   42  C    32.961686          9.455018
   | ATOM   43  O    10.551823          3.503660
   | ATOM   44  O    10.597994          3.532867
   | ATOM   45  O    10.580489          3.522254
   | ATOM   46  O    10.551552          3.515549
   | ATOM   47  O    11.968287          4.347626
   | ATOM   48  O    12.619300          4.505614
   | ATOM   49  C    30.893227          8.818341
   | ATOM   50  C    30.237416          8.671078
   | ATOM   51  C    30.584010          8.811639
   | ATOM   52  C    29.978632          8.682641
   | ATOM   53  C    29.841822          8.638939
   | ATOM   54  C    30.556254          8.825083
   | ATOM   55  C    28.751193          8.518754
   | ATOM   56  C    34.572730          9.872871
   | ATOM   57  C    36.439248         10.218178
   | ATOM   58  C    28.957501          8.539857
   | ATOM   59  C    32.672579          9.407642
   | ATOM   60  C    32.173494          9.339867
   | ATOM   61  C    32.221000          9.351096
   | ATOM   62  C    32.393013          9.329906
   | ATOM   63  C    32.325847          9.312197
   | ATOM   64  C    32.279405          9.369506
   | ATOM   65  C    32.277337          9.359585
   | ATOM   66  C    32.927032          9.447527
   | ATOM   67  O    10.561068          3.507719
   | ATOM   68  O    10.582708          3.526887
   | ATOM   69  O    10.588411          3.525240
   | ATOM   70  O    10.549048          3.514012
   | ATOM   71  O    11.969587          4.347834
   | ATOM   72  O    12.616557          4.505152
   | ATOM   73  C    30.890820          8.817536
   | ATOM   74  C    30.242630          8.672111
   | ATOM   75  C    30.582571          8.811499
   | ATOM   76  C    29.964104          8.679401
   | ATOM   77  C    29.829281          8.636289
   | ATOM   78  C    30.562508          8.826841
   | ATOM   79  C    28.739632          8.516253
   | ATOM   80  C    34.576787          9.873421
   | ATOM   81  C    36.451063         10.220830
   | ATOM   82  C    28.947182          8.537656
   | ATOM   83  C    32.687101          9.411032
   | ATOM   84  C    32.160290          9.336482
   | ATOM   85  C    32.229876          9.353331
   | ATOM   86  C    32.375604          9.325895
   | ATOM   87  C    32.317424          9.310481
   | ATOM   88  C    32.277533          9.369368
   | ATOM   89  C    32.267542          9.357685
   | ATOM   90  C    32.935612          9.449492
   | ATOM   91  O    10.557219          3.506033
   | ATOM   92  O    10.578250          3.525158
   | ATOM   93  O    10.571946          3.518754
   | ATOM   94  O    10.559979          3.518646
   | ATOM   95  O    11.966198          4.346651
   | ATOM   96  O    12.622054          4.507027
   | ATOM   97  C    30.920394          8.824506
   | ATOM   98  C    30.240041          8.671615
   | ATOM   99  C    30.613899          8.818292
   | ATOM  100  C    29.967385          8.679760
   | ATOM  101  C    29.833061          8.636905
   | ATOM  102  C    30.570570          8.828432
   | ATOM  103  C    28.778227          8.524646
   | ATOM  104  C    34.565856          9.871776
   | ATOM  105  C    36.434347         10.216999
   | ATOM  106  C    28.954240          8.538633
   | ATOM  107  C    32.693091          9.412267
   | ATOM  108  C    32.168759          9.338242
   | ATOM  109  C    32.231175          9.353304
   | ATOM  110  C    32.381152          9.326975
   | ATOM  111  C    32.302543          9.306875
   | ATOM  112  C    32.291663          9.372276
   | ATOM  113  C    32.268205          9.357398
   | ATOM  114  C    32.961686          9.455018
   | ATOM  115  O    10.551822          3.503660
   | ATOM  116  O    10.597994          3.532867
   | ATOM  117  O    10.580489          3.522254
   | ATOM  118  O    10.551552          3.515549
   | ATOM  119  O    11.968287          4.347626
   | ATOM  120  O    12.619299          4.505613
   | ATOM  121  C    30.893227          8.818341
   | ATOM  122  C    30.237417          8.671078
   | ATOM  123  C    30.584010          8.811639
   | ATOM  124  C    29.978633          8.682641
   | ATOM  125  C    29.841822          8.638939
   | ATOM  126  C    30.556254          8.825083
   | ATOM  127  C    28.751191          8.518754
   | ATOM  128  C    34.572728          9.872870
   | ATOM  129  C    36.439248         10.218178
   | ATOM  130  C    28.957500          8.539856
   | ATOM  131  C    32.672578          9.407642
   | ATOM  132  C    32.173494          9.339867
   | ATOM  133  C    32.221000          9.351096
   | ATOM  134  C    32.393011          9.329906
   | ATOM  135  C    32.325846          9.312197
   | ATOM  136  C    32.279404          9.369506
   | ATOM  137  C    32.277337          9.359585
   | ATOM  138  C    32.927030          9.447527
   | ATOM  139  O    10.561069          3.507719
   | ATOM  140  O    10.582708          3.526887
   | ATOM  141  O    10.588412          3.525240
   | ATOM  142  O    10.549048          3.514012
   | ATOM  143  O    11.969587          4.347834
   | ATOM  144  O    12.616558          4.505153
   | ATOM  145  B    79.874496         18.829949
   | ATOM  146  C    37.645585          9.880933
   | ATOM  147  C    29.961711          8.983966
   | ATOM  148  C    29.960327          8.977283
   | ATOM  149  C    29.917514          8.973599
   | ATOM  150  C    29.958106          8.978825
   | ATOM  151  C    37.615262          9.879594
   | ATOM  152  B    79.818192         18.827060
   | ATOM  153  B    79.866634         18.828985
   | ATOM  154  C    37.633241          9.878307
   | ATOM  155  C    29.971734          8.986275
   | ATOM  156  C    29.941784          8.973247
   | ATOM  157  C    29.936383          8.977911
   | ATOM  158  C    29.938793          8.974824
   | ATOM  159  C    37.594607          9.874162
   | ATOM  160  B    79.801648         18.824407
   | ATOM  161  B    79.891706         18.832387
   | ATOM  162  C    37.655402          9.883654
   | ATOM  163  C    29.973836          8.986727
   | ATOM  164  C    29.949090          8.974404
   | ATOM  165  C    29.909337          8.971523
   | ATOM  166  C    29.970463          8.981574
   | ATOM  167  C    37.624497          9.881908
   | ATOM  168  B    79.829439         18.828635
   | ATOM  169  B    79.874495         18.829949
   | ATOM  170  C    37.645585          9.880933
   | ATOM  171  C    29.961711          8.983966
   | ATOM  172  C    29.960327          8.977283
   | ATOM  173  C    29.917515          8.973599
   | ATOM  174  C    29.958105          8.978825
   | ATOM  175  C    37.615261          9.879594
   | ATOM  176  B    79.818192         18.827060
   | ATOM  177  B    79.866633         18.828985
   | ATOM  178  C    37.633240          9.878307
   | ATOM  179  C    29.971734          8.986275
   | ATOM  180  C    29.941784          8.973247
   | ATOM  181  C    29.936383          8.977911
   | ATOM  182  C    29.938793          8.974824
   | ATOM  183  C    37.594607          9.874162
   | ATOM  184  B    79.801648         18.824407
   | ATOM  185  B    79.891705         18.832387
   | ATOM  186  C    37.655403          9.883654
   | ATOM  187  C    29.973837          8.986727
   | ATOM  188  C    29.949091          8.974404
   | ATOM  189  C    29.909336          8.971523
   | ATOM  190  C    29.970463          8.981574
   | ATOM  191  C    37.624496          9.881908
   | ATOM  192  B    79.829440         18.828635
   | ATOM  193  H     1.753923          2.052252
   | ATOM  194  H     1.874175          2.149831
   | ATOM  195  H     1.884450          2.178164
   | ATOM  196  H     1.894001          2.184122
   | ATOM  197  H     1.894797          2.186159
   | ATOM  198  H     1.918783          2.192481
   | ATOM  199  H     1.761641          2.257776
   | ATOM  200  H     2.163757          2.468290
   | ATOM  201  H     1.753989          2.052135
   | ATOM  202  H     1.874416          2.150062
   | ATOM  203  H     1.884572          2.178258
   | ATOM  204  H     1.894249          2.184331
   | ATOM  205  H     1.895147          2.186410
   | ATOM  206  H     1.917721          2.191519
   | ATOM  207  H     1.761207          2.257277
   | ATOM  208  H     2.167359          2.470477
   | ATOM  209  H     1.754508          2.052675
   | ATOM  210  H     1.874460          2.150129
   | ATOM  211  H     1.884887          2.178489
   | ATOM  212  H     1.893199          2.183420
   | ATOM  213  H     1.894036          2.185467
   | ATOM  214  H     1.918948          2.192554
   | ATOM  215  H     1.761495          2.257519
   | ATOM  216  H     2.165087          2.469191
   | ATOM  217  H     1.753923          2.052252
   | ATOM  218  H     1.874175          2.149831
   | ATOM  219  H     1.884450          2.178164
   | ATOM  220  H     1.894001          2.184122
   | ATOM  221  H     1.894797          2.186159
   | ATOM  222  H     1.918783          2.192481
   | ATOM  223  H     1.761641          2.257776
   | ATOM  224  H     2.163757          2.468290
   | ATOM  225  H     1.753989          2.052135
   | ATOM  226  H     1.874416          2.150062
   | ATOM  227  H     1.884572          2.178258
   | ATOM  228  H     1.894249          2.184331
   | ATOM  229  H     1.895147          2.186410
   | ATOM  230  H     1.917721          2.191519
   | ATOM  231  H     1.761207          2.257277
   | ATOM  232  H     2.167359          2.470477
   | ATOM  233  H     1.754508          2.052675
   | ATOM  234  H     1.874460          2.150129
   | ATOM  235  H     1.884886          2.178489
   | ATOM  236  H     1.893199          2.183420
   | ATOM  237  H     1.894036          2.185467
   | ATOM  238  H     1.918948          2.192554
   | ATOM  239  H     1.761495          2.257519
   | ATOM  240  H     2.165088          2.469191
   | ATOM  241  H     1.720127          2.005998
   | ATOM  242  H     1.736038          2.014947
   | ATOM  243  H     1.722289          2.006983
   | ATOM  244  H     1.727750          2.010539
   | ATOM  245  H     1.719592          2.005687
   | ATOM  246  H     1.737049          2.015509
   | ATOM  247  H     1.721893          2.006735
   | ATOM  248  H     1.728491          2.010957
   | ATOM  249  H     1.719168          2.005672
   | ATOM  250  H     1.736957          2.015294
   | ATOM  251  H     1.723017          2.007213
   | ATOM  252  H     1.726825          2.010216
   | ATOM  253  H     1.720127          2.005998
   | ATOM  254  H     1.736038          2.014947
   | ATOM  255  H     1.722289          2.006983
   | ATOM  256  H     1.727750          2.010539
   | ATOM  257  H     1.719592          2.005687
   | ATOM  258  H     1.737049          2.015509
   | ATOM  259  H     1.721893          2.006735
   | ATOM  260  H     1.728491          2.010957
   | ATOM  261  H     1.719168          2.005672
   | ATOM  262  H     1.736956          2.015294
   | ATOM  263  H     1.723017          2.007213
   | ATOM  264  H     1.726825          2.010216
   | ATOM  265  C    30.891073          8.817580
   | ATOM  266  C    30.242616          8.672112
   | ATOM  267  C    30.582292          8.811456
   | ATOM  268  C    29.964202          8.679416
   | ATOM  269  C    29.829127          8.636266
   | ATOM  270  C    30.562324          8.826809
   | ATOM  271  C    28.739595          8.516246
   | ATOM  272  C    34.576679          9.873411
   | ATOM  273  C    36.450446         10.220740
   | ATOM  274  C    28.946949          8.537620
   | ATOM  275  C    32.687302          9.411058
   | ATOM  276  C    32.160178          9.336463
   | ATOM  277  C    32.230078          9.353367
   | ATOM  278  C    32.375554          9.325883
   | ATOM  279  C    32.317189          9.310445
   | ATOM  280  C    32.277523          9.369374
   | ATOM  281  C    32.267506          9.357684
   | ATOM  282  C    32.935479          9.449471
   | ATOM  283  O    10.556983          3.505994
   | ATOM  284  O    10.578288          3.525172
   | ATOM  285  O    10.571867          3.518745
   | ATOM  286  O    10.559913          3.518640
   | ATOM  287  O    11.966056          4.346631
   | ATOM  288  O    12.621965          4.507025
   | ATOM  289  C    30.920391          8.824515
   | ATOM  290  C    30.240023          8.671620
   | ATOM  291  C    30.613556          8.818236
   | ATOM  292  C    29.967284          8.679749
   | ATOM  293  C    29.832894          8.636878
   | ATOM  294  C    30.570404          8.828408
   | ATOM  295  C    28.778251          8.524653
   | ATOM  296  C    34.565417          9.871715
   | ATOM  297  C    36.433760         10.216917
   | ATOM  298  C    28.954058          8.538603
   | ATOM  299  C    32.693172          9.412276
   | ATOM  300  C    32.168522          9.338203
   | ATOM  301  C    32.231025          9.353282
   | ATOM  302  C    32.381157          9.326977
   | ATOM  303  C    32.302373          9.306846
   | ATOM  304  C    32.291867          9.372312
   | ATOM  305  C    32.268407          9.357431
   | ATOM  306  C    32.961638          9.455008
   | ATOM  307  O    10.551699          3.503640
   | ATOM  308  O    10.597993          3.532871
   | ATOM  309  O    10.580474          3.522253
   | ATOM  310  O    10.551732          3.515586
   | ATOM  311  O    11.968113          4.347597
   | ATOM  312  O    12.619325          4.505624
   | ATOM  313  C    30.893342          8.818362
   | ATOM  314  C    30.237358          8.671073
   | ATOM  315  C    30.583964          8.811639
   | ATOM  316  C    29.978364          8.682600
   | ATOM  317  C    29.841466          8.638890
   | ATOM  318  C    30.555912          8.825032
   | ATOM  319  C    28.751299          8.518768
   | ATOM  320  C    34.572674          9.872862
   | ATOM  321  C    36.439280         10.218183
   | ATOM  322  C    28.957266          8.539815
   | ATOM  323  C    32.672386          9.407612
   | ATOM  324  C    32.173772          9.339914
   | ATOM  325  C    32.221093          9.351115
   | ATOM  326  C    32.392679          9.329853
   | ATOM  327  C    32.325636          9.312166
   | ATOM  328  C    32.279372          9.369504
   | ATOM  329  C    32.277090          9.359550
   | ATOM  330  C    32.926813          9.447497
   | ATOM  331  O    10.561035          3.507714
   | ATOM  332  O    10.582656          3.526878
   | ATOM  333  O    10.588260          3.525216
   | ATOM  334  O    10.548884          3.513986
   | ATOM  335  O    11.969285          4.347779
   | ATOM  336  O    12.616516          4.505147
   | ATOM  337  C    30.891073          8.817579
   | ATOM  338  C    30.242617          8.672112
   | ATOM  339  C    30.582293          8.811456
   | ATOM  340  C    29.964201          8.679416
   | ATOM  341  C    29.829126          8.636266
   | ATOM  342  C    30.562325          8.826809
   | ATOM  343  C    28.739594          8.516246
   | ATOM  344  C    34.576679          9.873411
   | ATOM  345  C    36.450446         10.220740
   | ATOM  346  C    28.946950          8.537620
   | ATOM  347  C    32.687304          9.411058
   | ATOM  348  C    32.160178          9.336463
   | ATOM  349  C    32.230078          9.353367
   | ATOM  350  C    32.375554          9.325882
   | ATOM  351  C    32.317189          9.310445
   | ATOM  352  C    32.277523          9.369374
   | ATOM  353  C    32.267506          9.357684
   | ATOM  354  C    32.935479          9.449471
   | ATOM  355  O    10.556983          3.505994
   | ATOM  356  O    10.578288          3.525172
   | ATOM  357  O    10.571867          3.518745
   | ATOM  358  O    10.559913          3.518640
   | ATOM  359  O    11.966056          4.346631
   | ATOM  360  O    12.621965          4.507025
   | ATOM  361  C    30.920392          8.824515
   | ATOM  362  C    30.240024          8.671620
   | ATOM  363  C    30.613557          8.818236
   | ATOM  364  C    29.967285          8.679749
   | ATOM  365  C    29.832895          8.636878
   | ATOM  366  C    30.570405          8.828408
   | ATOM  367  C    28.778251          8.524653
   | ATOM  368  C    34.565416          9.871715
   | ATOM  369  C    36.433760         10.216916
   | ATOM  370  C    28.954059          8.538603
   | ATOM  371  C    32.693172          9.412276
   | ATOM  372  C    32.168521          9.338203
   | ATOM  373  C    32.231025          9.353282
   | ATOM  374  C    32.381158          9.326977
   | ATOM  375  C    32.302373          9.306846
   | ATOM  376  C    32.291867          9.372312
   | ATOM  377  C    32.268406          9.357431
   | ATOM  378  C    32.961638          9.455008
   | ATOM  379  O    10.551699          3.503640
   | ATOM  380  O    10.597993          3.532871
   | ATOM  381  O    10.580474          3.522253
   | ATOM  382  O    10.551732          3.515586
   | ATOM  383  O    11.968113          4.347597
   | ATOM  384  O    12.619324          4.505624
   | ATOM  385  C    30.893342          8.818362
   | ATOM  386  C    30.237359          8.671073
   | ATOM  387  C    30.583964          8.811639
   | ATOM  388  C    29.978364          8.682600
   | ATOM  389  C    29.841467          8.638890
   | ATOM  390  C    30.555912          8.825032
   | ATOM  391  C    28.751297          8.518768
   | ATOM  392  C    34.572672          9.872862
   | ATOM  393  C    36.439280         10.218183
   | ATOM  394  C    28.957265          8.539814
   | ATOM  395  C    32.672384          9.407612
   | ATOM  396  C    32.173772          9.339914
   | ATOM  397  C    32.221092          9.351115
   | ATOM  398  C    32.392677          9.329852
   | ATOM  399  C    32.325635          9.312166
   | ATOM  400  C    32.279371          9.369504
   | ATOM  401  C    32.277090          9.359550
   | ATOM  402  C    32.926811          9.447497
   | ATOM  403  O    10.561036          3.507714
   | ATOM  404  O    10.582656          3.526878
   | ATOM  405  O    10.588261          3.525217
   | ATOM  406  O    10.548885          3.513986
   | ATOM  407  O    11.969285          4.347779
   | ATOM  408  O    12.616517          4.505147
   | ATOM  409  B    79.874392         18.829939
   | ATOM  410  C    37.645321          9.880899
   | ATOM  411  C    29.961686          8.983964
   | ATOM  412  C    29.960084          8.977244
   | ATOM  413  C    29.917457          8.973590
   | ATOM  414  C    29.958106          8.978826
   | ATOM  415  C    37.615231          9.879600
   | ATOM  416  B    79.817265         18.826950
   | ATOM  417  B    79.865406         18.828841
   | ATOM  418  C    37.632865          9.878273
   | ATOM  419  C    29.971503          8.986245
   | ATOM  420  C    29.941656          8.973233
   | ATOM  421  C    29.935843          8.977826
   | ATOM  422  C    29.938523          8.974784
   | ATOM  423  C    37.594447          9.874149
   | ATOM  424  B    79.801039         18.824335
   | ATOM  425  B    79.890665         18.832265
   | ATOM  426  C    37.655142          9.883629
   | ATOM  427  C    29.973989          8.986751
   | ATOM  428  C    29.949115          8.974408
   | ATOM  429  C    29.909266          8.971509
   | ATOM  430  C    29.970290          8.981543
   | ATOM  431  C    37.624511          9.881918
   | ATOM  432  B    79.828605         18.828537
   | ATOM  433  B    79.874390         18.829938
   | ATOM  434  C    37.645321          9.880899
   | ATOM  435  C    29.961687          8.983964
   | ATOM  436  C    29.960084          8.977244
   | ATOM  437  C    29.917458          8.973590
   | ATOM  438  C    29.958105          8.978826
   | ATOM  439  C    37.615230          9.879600
   | ATOM  440  B    79.817264         18.826950
   | ATOM  441  B    79.865405         18.828841
   | ATOM  442  C    37.632864          9.878272
   | ATOM  443  C    29.971503          8.986245
   | ATOM  444  C    29.941656          8.973233
   | ATOM  445  C    29.935843          8.977826
   | ATOM  446  C    29.938523          8.974785
   | ATOM  447  C    37.594447          9.874149
   | ATOM  448  B    79.801038         18.824334
   | ATOM  449  B    79.890664         18.832265
   | ATOM  450  C    37.655143          9.883629
   | ATOM  451  C    29.973990          8.986751
   | ATOM  452  C    29.949115          8.974408
   | ATOM  453  C    29.909265          8.971508
   | ATOM  454  C    29.970290          8.981543
   | ATOM  455  C    37.624510          9.881918
   | ATOM  456  B    79.828606         18.828537
   | ATOM  457  H     1.753950          2.052269
   | ATOM  458  H     1.874196          2.149845
   | ATOM  459  H     1.884478          2.178180
   | ATOM  460  H     1.894026          2.184137
   | ATOM  461  H     1.894828          2.186179
   | ATOM  462  H     1.918826          2.192507
   | ATOM  463  H     1.761608          2.257754
   | ATOM  464  H     2.163621          2.468211
   | ATOM  465  H     1.754036          2.052164
   | ATOM  466  H     1.874476          2.150098
   | ATOM  467  H     1.884603          2.178276
   | ATOM  468  H     1.894268          2.184342
   | ATOM  469  H     1.895171          2.186425
   | ATOM  470  H     1.917751          2.191537
   | ATOM  471  H     1.761198          2.257271
   | ATOM  472  H     2.167335          2.470463
   | ATOM  473  H     1.754550          2.052701
   | ATOM  474  H     1.874507          2.150158
   | ATOM  475  H     1.884933          2.178518
   | ATOM  476  H     1.893255          2.183456
   | ATOM  477  H     1.894101          2.185508
   | ATOM  478  H     1.918966          2.192565
   | ATOM  479  H     1.761475          2.257507
   | ATOM  480  H     2.165068          2.469180
   | ATOM  481  H     1.753950          2.052269
   | ATOM  482  H     1.874196          2.149845
   | ATOM  483  H     1.884478          2.178180
   | ATOM  484  H     1.894026          2.184137
   | ATOM  485  H     1.894828          2.186179
   | ATOM  486  H     1.918826          2.192507
   | ATOM  487  H     1.761608          2.257754
   | ATOM  488  H     2.163621          2.468211
   | ATOM  489  H     1.754036          2.052164
   | ATOM  490  H     1.874476          2.150098
   | ATOM  491  H     1.884603          2.178276
   | ATOM  492  H     1.894268          2.184342
   | ATOM  493  H     1.895171          2.186425
   | ATOM  494  H     1.917751          2.191537
   | ATOM  495  H     1.761198          2.257271
   | ATOM  496  H     2.167335          2.470463
   | ATOM  497  H     1.754550          2.052700
   | ATOM  498  H     1.874506          2.150158
   | ATOM  499  H     1.884933          2.178518
   | ATOM  500  H     1.893254          2.183455
   | ATOM  501  H     1.894101          2.185508
   | ATOM  502  H     1.918965          2.192565
   | ATOM  503  H     1.761475          2.257507
   | ATOM  504  H     2.165068          2.469180
   | ATOM  505  H     1.720133          2.006001
   | ATOM  506  H     1.736052          2.014957
   | ATOM  507  H     1.722319          2.007002
   | ATOM  508  H     1.727756          2.010543
   | ATOM  509  H     1.719616          2.005702
   | ATOM  510  H     1.737074          2.015525
   | ATOM  511  H     1.721939          2.006765
   | ATOM  512  H     1.728496          2.010962
   | ATOM  513  H     1.719185          2.005682
   | ATOM  514  H     1.736967          2.015301
   | ATOM  515  H     1.723043          2.007230
   | ATOM  516  H     1.726838          2.010226
   | ATOM  517  H     1.720133          2.006001
   | ATOM  518  H     1.736052          2.014957
   | ATOM  519  H     1.722319          2.007002
   | ATOM  520  H     1.727756          2.010543
   | ATOM  521  H     1.719616          2.005702
   | ATOM  522  H     1.737074          2.015525
   | ATOM  523  H     1.721939          2.006765
   | ATOM  524  H     1.728496          2.010962
   | ATOM  525  H     1.719185          2.005682
   | ATOM  526  H     1.736967          2.015301
   | ATOM  527  H     1.723043          2.007230
   | ATOM  528  H     1.726838          2.010226
   | ---------------------------------------------------------------------------
   | Creating super cell of dimension  1 X   1 X   1 in MBD calculation
   | containing   528  atom
   | MBD@rsSCS energy   :        -1.078445880 Ha            -29.345591320 eV
